[+] Containers:
 |- [+] Container: /Game/Levels/MainLevel
 |   |- [+] ActorDescs:
 |   |   |- Guid:116624A24BC9B4267AE56982626BDA04 BaseClass:/Game/Blueprints/BP_PlayerSpawn.BP_PlayerSpawn_C NativeClass:/Script/MinigameCore.PlayerSpawn Name:BP_PlayerSpawn_C_UAID_7486E22FC63FC86A02_1111104661 Label:BP_Player4Spawn SpatiallyLoaded:1 Bounds:IsValid=true, Min=(X=0.000 Y=-1870.000 Z=0.000), Max=(X=0.000 Y=-1870.000 Z=0.000) RuntimeGrid:None EditorOnly:0 RuntimeOnly:0 HLODRelevant:0 FolderPath:Player4 FolderGuid:43F8B5164349C2A0C15D4F9D8230C4CC
 |   |   |- Guid:2008C3CA47E6CF6C7A7F138301B47B07 BaseClass:/Game/Blueprints/BP_PlayerCam.BP_PlayerCam_C NativeClass:/Script/MinigameCore.MinigameCapture Name:BP_Player1Cam_C_UAID_7486E22FC63FBB6A02_1478650345 Label:BP_Player3Cam SpatiallyLoaded:1 Bounds:IsValid=true, Min=(X=0.000 Y=2770.000 Z=640.000), Max=(X=0.000 Y=2770.000 Z=640.000) RuntimeGrid:None EditorOnly:0 RuntimeOnly:0 HLODRelevant:0 FolderPath:Player3 FolderGuid:4A39FAD54DF348453F1D5D844D3AA5DA
 |   |   |- Guid:2E1C6D69489D89BA989B0D820863BB96 BaseClass: NativeClass:/Script/Engine.StaticMeshActor Name:StaticMeshActor_UAID_A4AE111137DC54FB00_1240666663 Label:SM_SkySphere SpatiallyLoaded:0 Bounds:IsValid=true, Min=(X=-1638400.000 Y=-1638400.000 Z=-1638400.000), Max=(X=1638400.000 Y=1638400.000 Z=1638400.000) RuntimeGrid:None EditorOnly:0 RuntimeOnly:0 HLODRelevant:0 FolderPath:Lighting FolderGuid:B7E9BD5B45A652654791988DEF54CCEB
 |   |   |- Guid:3303CD9A478CFACF23F89BB2253FCC4A BaseClass: NativeClass:/Script/Engine.SkyAtmosphere Name:SkyAtmosphere_UAID_A85E45CFE40401D200_1470382762 Label:SkyAtmosphere SpatiallyLoaded:0 Bounds:IsValid=true, Min=(X=0.000 Y=0.000 Z=0.000), Max=(X=0.000 Y=0.000 Z=0.000) RuntimeGrid:None EditorOnly:0 RuntimeOnly:0 HLODRelevant:0 FolderPath:Lighting FolderGuid:B7E9BD5B45A652654791988DEF54CCEB
 |   |   |- Guid:3F68D3264101B19F81564D88BB9AA217 BaseClass:/Game/Blueprints/BP_PlayerSpawn.BP_PlayerSpawn_C NativeClass:/Script/MinigameCore.PlayerSpawn Name:BP_PlayerSpawn_C_UAID_7486E22FC63FC76A02_2123972484 Label:BP_Player3Spawn SpatiallyLoaded:1 Bounds:IsValid=true, Min=(X=0.000 Y=1860.000 Z=320.000), Max=(X=0.000 Y=1860.000 Z=320.000) RuntimeGrid:None EditorOnly:0 RuntimeOnly:0 HLODRelevant:0 FolderPath:Player3 FolderGuid:4A39FAD54DF348453F1D5D844D3AA5DA
 |   |   |- Guid:43DF166D404B0C336DFF808A018BAD18 BaseClass:/Game/Blueprints/BP_PlayerCam.BP_PlayerCam_C NativeClass:/Script/MinigameCore.MinigameCapture Name:BP_Player1Cam_C_UAID_7486E22FC63FBB6A02_1074645343 Label:BP_Player1Cam SpatiallyLoaded:1 Bounds:IsValid=true, Min=(X=2770.000 Y=0.000 Z=640.000), Max=(X=2770.000 Y=0.000 Z=640.000) RuntimeGrid:None EditorOnly:0 RuntimeOnly:0 HLODRelevant:0 FolderPath:Player1 FolderGuid:CF0801954EC275B939E8D1883F5CAEC3
 |   |   |- Guid:4D4419AE41E8FCB4763A33A7CE003A73 BaseClass:/Game/Blueprints/BP_PlayerSpawn.BP_PlayerSpawn_C NativeClass:/Script/MinigameCore.PlayerSpawn Name:BP_PlayerSpawn_C_UAID_7486E22FC63FBC6A02_1237640524 Label:BP_Player1Spawn SpatiallyLoaded:1 Bounds:IsValid=true, Min=(X=1850.000 Y=0.000 Z=320.000), Max=(X=1850.000 Y=0.000 Z=320.000) RuntimeGrid:None EditorOnly:0 RuntimeOnly:0 HLODRelevant:0 FolderPath:Player1 FolderGuid:CF0801954EC275B939E8D1883F5CAEC3
 |   |   |- Guid:64EE23624E8EA68AD6F8EFAB7D7950E2 BaseClass:/Game/Blueprints/BP_PlayerCam.BP_PlayerCam_C NativeClass:/Script/MinigameCore.MinigameCapture Name:BP_Player1Cam_C_UAID_7486E22FC63FBB6A02_1578009346 Label:BP_Player4Cam SpatiallyLoaded:1 Bounds:IsValid=true, Min=(X=10.000 Y=-2780.000 Z=640.000), Max=(X=10.000 Y=-2780.000 Z=640.000) RuntimeGrid:None EditorOnly:0 RuntimeOnly:0 HLODRelevant:0 FolderPath:Player4 FolderGuid:43F8B5164349C2A0C15D4F9D8230C4CC
 |   |   |- Guid:71AD74FB4A8CD6E3267C2C84C2C1C177 BaseClass: NativeClass:/Script/Landscape.Landscape Name:Landscape_UAID_A85E45CFE404FBD100_1221515703 Label:Landscape SpatiallyLoaded:0 Bounds:IsValid=true, Min=(X=-2500.000 Y=-2500.000 Z=-32.000), Max=(X=2500.000 Y=2500.000 Z=32.000) RuntimeGrid:None EditorOnly:0 RuntimeOnly:0 HLODRelevant:0
 |   |   |- Guid:837CFDC544FBCC924DACE7B40CC5F915 BaseClass: NativeClass:/Script/Engine.ExponentialHeightFog Name:ExponentialHeightFog_UAID_A85E45CFE40401D200_1470382763 Label:ExponentialHeightFog SpatiallyLoaded:0 Bounds:IsValid=true, Min=(X=-5600.000 Y=-50.000 Z=-6850.000), Max=(X=-5600.000 Y=-50.000 Z=-6850.000) RuntimeGrid:None EditorOnly:0 RuntimeOnly:0 HLODRelevant:0 FolderPath:Lighting FolderGuid:B7E9BD5B45A652654791988DEF54CCEB
 |   |   |- Guid:B34693F540FE3CBEACCAFF9C07B5EAA5 BaseClass: NativeClass:/Script/Engine.VolumetricCloud Name:VolumetricCloud_UAID_A85E45CFE40401D200_1470381760 Label:VolumetricCloud SpatiallyLoaded:0 Bounds:IsValid=true, Min=(X=0.000 Y=0.000 Z=0.000), Max=(X=0.000 Y=0.000 Z=0.000) RuntimeGrid:None EditorOnly:0 RuntimeOnly:0 HLODRelevant:0 FolderPath:Lighting FolderGuid:B7E9BD5B45A652654791988DEF54CCEB
 |   |   |- Guid:B5F8B4CE435A5E4D6304A1923398F448 BaseClass:/Game/Blueprints/BP_PlayerSpawn.BP_PlayerSpawn_C NativeClass:/Script/MinigameCore.PlayerSpawn Name:BP_PlayerSpawn_C_UAID_7486E22FC63FC76A02_2075172483 Label:BP_Player2Spawn SpatiallyLoaded:1 Bounds:IsValid=true, Min=(X=-1860.000 Y=0.000 Z=320.000), Max=(X=-1860.000 Y=0.000 Z=320.000) RuntimeGrid:None EditorOnly:0 RuntimeOnly:0 HLODRelevant:0 FolderPath:Player2 FolderGuid:FFC06A19498A1AE84C991C9B6D74E7BC
 |   |   |- Guid:BEE0206144FD11283216F18DBB9992D5 BaseClass: NativeClass:/Script/Engine.SkyLight Name:SkyLight_UAID_A85E45CFE40401D200_1470380759 Label:SkyLight SpatiallyLoaded:0 Bounds:IsValid=true, Min=(X=0.000 Y=0.000 Z=0.000), Max=(X=0.000 Y=0.000 Z=0.000) RuntimeGrid:None EditorOnly:0 RuntimeOnly:0 HLODRelevant:0 FolderPath:Lighting FolderGuid:B7E9BD5B45A652654791988DEF54CCEB
 |   |   |- Guid:C1A3119D4A7E3FD86D7B6B9A073C2BE3 BaseClass:/Game/Blueprints/BP_PlayerSpawn.BP_PlayerSpawn_C NativeClass:/Script/MinigameCore.PlayerSpawn Name:BP_PlayerSpawn_C_UAID_7486E22FC63FBC6A02_1474776525 Label:BP_Player2Spawn SpatiallyLoaded:1 Bounds:IsValid=true, Min=(X=-1860.000 Y=0.000 Z=320.000), Max=(X=-1860.000 Y=0.000 Z=320.000) RuntimeGrid:None EditorOnly:0 RuntimeOnly:0 HLODRelevant:0
 |   |   |- Guid:D06F3D78421464FFDD1D3A91EBC62917 BaseClass: NativeClass:/Script/Engine.WorldDataLayers Name:WorldDataLayers Label:WorldDataLayers-1 SpatiallyLoaded:0 Bounds:IsValid=true, Min=(X=0.000 Y=0.000 Z=0.000), Max=(X=0.000 Y=0.000 Z=0.000) RuntimeGrid:None EditorOnly:0 RuntimeOnly:0 HLODRelevant:0
 |   |   |- Guid:DFDF3BB842A081BA81A871B3FA2BBF81 BaseClass: NativeClass:/Script/Engine.DirectionalLight Name:DirectionalLight_UAID_A85E45CFE40401D200_1470382761 Label:DirectionalLight SpatiallyLoaded:0 Bounds:IsValid=true, Min=(X=-4398046511104.000 Y=-4398046511104.000 Z=-4398046511104.000), Max=(X=4398046511104.000 Y=4398046511104.000 Z=4398046511104.000) RuntimeGrid:None EditorOnly:0 RuntimeOnly:0 HLODRelevant:0 FolderPath:Lighting FolderGuid:B7E9BD5B45A652654791988DEF54CCEB
 |   |   |- Guid:E1DA18F4441667A6B3E1D7A83308929C BaseClass:/Game/Blueprints/BP_PlayerCam.BP_PlayerCam_C NativeClass:/Script/MinigameCore.MinigameCapture Name:BP_Player1Cam_C_UAID_7486E22FC63FBB6A02_1395429344 Label:BP_Player2Cam SpatiallyLoaded:1 Bounds:IsValid=true, Min=(X=-2780.000 Y=0.000 Z=640.000), Max=(X=-2780.000 Y=0.000 Z=640.000) RuntimeGrid:None EditorOnly:0 RuntimeOnly:0 HLODRelevant:0 FolderPath:Player2 FolderGuid:FFC06A19498A1AE84C991C9B6D74E7BC
 |   |   |- Guid:E5C4E2B043FCCFE89D3DC685BD202E3C BaseClass:/Game/Blueprints/BP_DespawnZone.BP_DespawnZone_C NativeClass:/Script/Engine.Actor Name:BP_DespawnZone_C_UAID_7486E22FC63FC46A02_1601298953 Label:BP_DespawnZone SpatiallyLoaded:1 Bounds:IsValid=true, Min=(X=-3200.000 Y=-3200.000 Z=0.000), Max=(X=3200.000 Y=3200.000 Z=0.000) RuntimeGrid:None EditorOnly:0 RuntimeOnly:0 HLODRelevant:0
 |   |   |- Guid:F5831D2E400A120BE1B5EA809F5E4190 BaseClass:/Game/Blueprints/BP_PlayerSpawn.BP_PlayerSpawn_C NativeClass:/Script/MinigameCore.PlayerSpawn Name:BP_PlayerSpawn_C_UAID_7486E22FC63FBC6A02_1604840527 Label:BP_Player4Spawn SpatiallyLoaded:1 Bounds:IsValid=true, Min=(X=0.000 Y=-1860.000 Z=320.000), Max=(X=0.000 Y=-1860.000 Z=320.000) RuntimeGrid:None EditorOnly:0 RuntimeOnly:0 HLODRelevant:0
 |   |- [+] Clusters:
 |   |   |- [+] [  0]
 |   |   |   |- Guid:71AD74FB4A8CD6E3267C2C84C2C1C177 BaseClass: NativeClass:/Script/Landscape.Landscape Name:Landscape_UAID_A85E45CFE404FBD100_1221515703 Label:Landscape SpatiallyLoaded:0 Bounds:IsValid=true, Min=(X=-2500.000 Y=-2500.000 Z=-32.000), Max=(X=2500.000 Y=2500.000 Z=32.000) RuntimeGrid:None EditorOnly:0 RuntimeOnly:0 HLODRelevant:0
 |   |   |- [+] [  1]
 |   |   |   |- Guid:4D4419AE41E8FCB4763A33A7CE003A73 BaseClass:/Game/Blueprints/BP_PlayerSpawn.BP_PlayerSpawn_C NativeClass:/Script/MinigameCore.PlayerSpawn Name:BP_PlayerSpawn_C_UAID_7486E22FC63FBC6A02_1237640524 Label:BP_Player1Spawn SpatiallyLoaded:1 Bounds:IsValid=true, Min=(X=1850.000 Y=0.000 Z=320.000), Max=(X=1850.000 Y=0.000 Z=320.000) RuntimeGrid:None EditorOnly:0 RuntimeOnly:0 HLODRelevant:0 FolderPath:Player1 FolderGuid:CF0801954EC275B939E8D1883F5CAEC3
 |   |   |- [+] [  2]
 |   |   |   |- Guid:C1A3119D4A7E3FD86D7B6B9A073C2BE3 BaseClass:/Game/Blueprints/BP_PlayerSpawn.BP_PlayerSpawn_C NativeClass:/Script/MinigameCore.PlayerSpawn Name:BP_PlayerSpawn_C_UAID_7486E22FC63FBC6A02_1474776525 Label:BP_Player2Spawn SpatiallyLoaded:1 Bounds:IsValid=true, Min=(X=-1860.000 Y=0.000 Z=320.000), Max=(X=-1860.000 Y=0.000 Z=320.000) RuntimeGrid:None EditorOnly:0 RuntimeOnly:0 HLODRelevant:0
 |   |   |- [+] [  3]
 |   |   |   |- Guid:2008C3CA47E6CF6C7A7F138301B47B07 BaseClass:/Game/Blueprints/BP_PlayerCam.BP_PlayerCam_C NativeClass:/Script/MinigameCore.MinigameCapture Name:BP_Player1Cam_C_UAID_7486E22FC63FBB6A02_1478650345 Label:BP_Player3Cam SpatiallyLoaded:1 Bounds:IsValid=true, Min=(X=0.000 Y=2770.000 Z=640.000), Max=(X=0.000 Y=2770.000 Z=640.000) RuntimeGrid:None EditorOnly:0 RuntimeOnly:0 HLODRelevant:0 FolderPath:Player3 FolderGuid:4A39FAD54DF348453F1D5D844D3AA5DA
 |   |   |- [+] [  4]
 |   |   |   |- Guid:3F68D3264101B19F81564D88BB9AA217 BaseClass:/Game/Blueprints/BP_PlayerSpawn.BP_PlayerSpawn_C NativeClass:/Script/MinigameCore.PlayerSpawn Name:BP_PlayerSpawn_C_UAID_7486E22FC63FC76A02_2123972484 Label:BP_Player3Spawn SpatiallyLoaded:1 Bounds:IsValid=true, Min=(X=0.000 Y=1860.000 Z=320.000), Max=(X=0.000 Y=1860.000 Z=320.000) RuntimeGrid:None EditorOnly:0 RuntimeOnly:0 HLODRelevant:0 FolderPath:Player3 FolderGuid:4A39FAD54DF348453F1D5D844D3AA5DA
 |   |   |- [+] [  5]
 |   |   |   |- Guid:E1DA18F4441667A6B3E1D7A83308929C BaseClass:/Game/Blueprints/BP_PlayerCam.BP_PlayerCam_C NativeClass:/Script/MinigameCore.MinigameCapture Name:BP_Player1Cam_C_UAID_7486E22FC63FBB6A02_1395429344 Label:BP_Player2Cam SpatiallyLoaded:1 Bounds:IsValid=true, Min=(X=-2780.000 Y=0.000 Z=640.000), Max=(X=-2780.000 Y=0.000 Z=640.000) RuntimeGrid:None EditorOnly:0 RuntimeOnly:0 HLODRelevant:0 FolderPath:Player2 FolderGuid:FFC06A19498A1AE84C991C9B6D74E7BC
 |   |   |- [+] [  6]
 |   |   |   |- Guid:B34693F540FE3CBEACCAFF9C07B5EAA5 BaseClass: NativeClass:/Script/Engine.VolumetricCloud Name:VolumetricCloud_UAID_A85E45CFE40401D200_1470381760 Label:VolumetricCloud SpatiallyLoaded:0 Bounds:IsValid=true, Min=(X=0.000 Y=0.000 Z=0.000), Max=(X=0.000 Y=0.000 Z=0.000) RuntimeGrid:None EditorOnly:0 RuntimeOnly:0 HLODRelevant:0 FolderPath:Lighting FolderGuid:B7E9BD5B45A652654791988DEF54CCEB
 |   |   |- [+] [  7]
 |   |   |   |- Guid:116624A24BC9B4267AE56982626BDA04 BaseClass:/Game/Blueprints/BP_PlayerSpawn.BP_PlayerSpawn_C NativeClass:/Script/MinigameCore.PlayerSpawn Name:BP_PlayerSpawn_C_UAID_7486E22FC63FC86A02_1111104661 Label:BP_Player4Spawn SpatiallyLoaded:1 Bounds:IsValid=true, Min=(X=0.000 Y=-1870.000 Z=0.000), Max=(X=0.000 Y=-1870.000 Z=0.000) RuntimeGrid:None EditorOnly:0 RuntimeOnly:0 HLODRelevant:0 FolderPath:Player4 FolderGuid:43F8B5164349C2A0C15D4F9D8230C4CC
 |   |   |- [+] [  8]
 |   |   |   |- Guid:B5F8B4CE435A5E4D6304A1923398F448 BaseClass:/Game/Blueprints/BP_PlayerSpawn.BP_PlayerSpawn_C NativeClass:/Script/MinigameCore.PlayerSpawn Name:BP_PlayerSpawn_C_UAID_7486E22FC63FC76A02_2075172483 Label:BP_Player2Spawn SpatiallyLoaded:1 Bounds:IsValid=true, Min=(X=-1860.000 Y=0.000 Z=320.000), Max=(X=-1860.000 Y=0.000 Z=320.000) RuntimeGrid:None EditorOnly:0 RuntimeOnly:0 HLODRelevant:0 FolderPath:Player2 FolderGuid:FFC06A19498A1AE84C991C9B6D74E7BC
 |   |   |- [+] [  9]
 |   |   |   |- Guid:BEE0206144FD11283216F18DBB9992D5 BaseClass: NativeClass:/Script/Engine.SkyLight Name:SkyLight_UAID_A85E45CFE40401D200_1470380759 Label:SkyLight SpatiallyLoaded:0 Bounds:IsValid=true, Min=(X=0.000 Y=0.000 Z=0.000), Max=(X=0.000 Y=0.000 Z=0.000) RuntimeGrid:None EditorOnly:0 RuntimeOnly:0 HLODRelevant:0 FolderPath:Lighting FolderGuid:B7E9BD5B45A652654791988DEF54CCEB
 |   |   |- [+] [ 10]
 |   |   |   |- Guid:E5C4E2B043FCCFE89D3DC685BD202E3C BaseClass:/Game/Blueprints/BP_DespawnZone.BP_DespawnZone_C NativeClass:/Script/Engine.Actor Name:BP_DespawnZone_C_UAID_7486E22FC63FC46A02_1601298953 Label:BP_DespawnZone SpatiallyLoaded:1 Bounds:IsValid=true, Min=(X=-3200.000 Y=-3200.000 Z=0.000), Max=(X=3200.000 Y=3200.000 Z=0.000) RuntimeGrid:None EditorOnly:0 RuntimeOnly:0 HLODRelevant:0
 |   |   |- [+] [ 11]
 |   |   |   |- Guid:D06F3D78421464FFDD1D3A91EBC62917 BaseClass: NativeClass:/Script/Engine.WorldDataLayers Name:WorldDataLayers Label:WorldDataLayers-1 SpatiallyLoaded:0 Bounds:IsValid=true, Min=(X=0.000 Y=0.000 Z=0.000), Max=(X=0.000 Y=0.000 Z=0.000) RuntimeGrid:None EditorOnly:0 RuntimeOnly:0 HLODRelevant:0
 |   |   |- [+] [ 12]
 |   |   |   |- Guid:64EE23624E8EA68AD6F8EFAB7D7950E2 BaseClass:/Game/Blueprints/BP_PlayerCam.BP_PlayerCam_C NativeClass:/Script/MinigameCore.MinigameCapture Name:BP_Player1Cam_C_UAID_7486E22FC63FBB6A02_1578009346 Label:BP_Player4Cam SpatiallyLoaded:1 Bounds:IsValid=true, Min=(X=10.000 Y=-2780.000 Z=640.000), Max=(X=10.000 Y=-2780.000 Z=640.000) RuntimeGrid:None EditorOnly:0 RuntimeOnly:0 HLODRelevant:0 FolderPath:Player4 FolderGuid:43F8B5164349C2A0C15D4F9D8230C4CC
 |   |   |- [+] [ 13]
 |   |   |   |- Guid:3303CD9A478CFACF23F89BB2253FCC4A BaseClass: NativeClass:/Script/Engine.SkyAtmosphere Name:SkyAtmosphere_UAID_A85E45CFE40401D200_1470382762 Label:SkyAtmosphere SpatiallyLoaded:0 Bounds:IsValid=true, Min=(X=0.000 Y=0.000 Z=0.000), Max=(X=0.000 Y=0.000 Z=0.000) RuntimeGrid:None EditorOnly:0 RuntimeOnly:0 HLODRelevant:0 FolderPath:Lighting FolderGuid:B7E9BD5B45A652654791988DEF54CCEB
 |   |   |- [+] [ 14]
 |   |   |   |- Guid:43DF166D404B0C336DFF808A018BAD18 BaseClass:/Game/Blueprints/BP_PlayerCam.BP_PlayerCam_C NativeClass:/Script/MinigameCore.MinigameCapture Name:BP_Player1Cam_C_UAID_7486E22FC63FBB6A02_1074645343 Label:BP_Player1Cam SpatiallyLoaded:1 Bounds:IsValid=true, Min=(X=2770.000 Y=0.000 Z=640.000), Max=(X=2770.000 Y=0.000 Z=640.000) RuntimeGrid:None EditorOnly:0 RuntimeOnly:0 HLODRelevant:0 FolderPath:Player1 FolderGuid:CF0801954EC275B939E8D1883F5CAEC3
 |   |   |- [+] [ 15]
 |   |   |   |- Guid:DFDF3BB842A081BA81A871B3FA2BBF81 BaseClass: NativeClass:/Script/Engine.DirectionalLight Name:DirectionalLight_UAID_A85E45CFE40401D200_1470382761 Label:DirectionalLight SpatiallyLoaded:0 Bounds:IsValid=true, Min=(X=-4398046511104.000 Y=-4398046511104.000 Z=-4398046511104.000), Max=(X=4398046511104.000 Y=4398046511104.000 Z=4398046511104.000) RuntimeGrid:None EditorOnly:0 RuntimeOnly:0 HLODRelevant:0 FolderPath:Lighting FolderGuid:B7E9BD5B45A652654791988DEF54CCEB
 |   |   |- [+] [ 16]
 |   |   |   |- Guid:F5831D2E400A120BE1B5EA809F5E4190 BaseClass:/Game/Blueprints/BP_PlayerSpawn.BP_PlayerSpawn_C NativeClass:/Script/MinigameCore.PlayerSpawn Name:BP_PlayerSpawn_C_UAID_7486E22FC63FBC6A02_1604840527 Label:BP_Player4Spawn SpatiallyLoaded:1 Bounds:IsValid=true, Min=(X=0.000 Y=-1860.000 Z=320.000), Max=(X=0.000 Y=-1860.000 Z=320.000) RuntimeGrid:None EditorOnly:0 RuntimeOnly:0 HLODRelevant:0
 |   |   |- [+] [ 17]
 |   |   |   |- Guid:837CFDC544FBCC924DACE7B40CC5F915 BaseClass: NativeClass:/Script/Engine.ExponentialHeightFog Name:ExponentialHeightFog_UAID_A85E45CFE40401D200_1470382763 Label:ExponentialHeightFog SpatiallyLoaded:0 Bounds:IsValid=true, Min=(X=-5600.000 Y=-50.000 Z=-6850.000), Max=(X=-5600.000 Y=-50.000 Z=-6850.000) RuntimeGrid:None EditorOnly:0 RuntimeOnly:0 HLODRelevant:0 FolderPath:Lighting FolderGuid:B7E9BD5B45A652654791988DEF54CCEB
 |   |   |- [+] [ 18]
 |   |   |   |- Guid:2E1C6D69489D89BA989B0D820863BB96 BaseClass: NativeClass:/Script/Engine.StaticMeshActor Name:StaticMeshActor_UAID_A4AE111137DC54FB00_1240666663 Label:SM_SkySphere SpatiallyLoaded:0 Bounds:IsValid=true, Min=(X=-1638400.000 Y=-1638400.000 Z=-1638400.000), Max=(X=1638400.000 Y=1638400.000 Z=1638400.000) RuntimeGrid:None EditorOnly:0 RuntimeOnly:0 HLODRelevant:0 FolderPath:Lighting FolderGuid:B7E9BD5B45A652654791988DEF54CCEB
 |- ContainerInstances:
 |- [+] MainContainer:
 |   |-        ID: 0x0000000000000000
 |   |-    Bounds: IsValid=true, Min=(X=-3200.000 Y=-3200.000 Z=0.000), Max=(X=3200.000 Y=3200.000 Z=640.000)
 |   |- Transform: 0.000000,0.000000,0.000000|0.000000,0.000000,-0.000000|1.000000,1.000000,1.000000
 |   |- Container: /Game/Levels/MainLevel
----------------------------------------------------------------------------------------------------------------
MainLevel - Persistent Level
----------------------------------------------------------------------------------------------------------------
Always loaded Actor Count: 25 

----------------------------------------------------------------------------------------------------------------
MainLevel - Runtime Spatial Hash - Streaming Grid - MainGrid
----------------------------------------------------------------------------------------------------------------
            Origin: X=0.000 Y=0.000 Z=0.000
         Cell Size: 25600
      World Bounds: IsValid=true, Min=(X=-3200.000 Y=-3200.000 Z=0.000), Max=(X=3200.000 Y=3200.000 Z=640.000)
     Loading Range: 76800.00
Block Slow Loading: No
 ClientOnlyVisible: No

[+] Grid Levels: 2
 |- Level  0: Cell Count    3 | Cell Size   25600 | Actor Count   10 (100.0%)
 |- Level  1: Cell Count    0 | Cell Size   51200 | Actor Count    0 (0.0%)

[+] Content of Grid Level 0
 |- [+] Content of Cell MainGrid_L0_X0_Y0
 |   |- Actor Count: 4
 |   |- MinMaxZ: X=320.000 Y=640.000
 |   |- Actor Path: /Game/Levels/MainLevel.MainLevel:PersistentLevel.BP_PlayerSpawn_C_UAID_7486E22FC63FBC6A02_1237640524
 |   |- Actor Package: /Game/__ExternalActors__/Levels/MainLevel/1/5S/LJ3WGNTI4Y371P9X5ZCCIR
 |   |- Actor Path: /Game/Levels/MainLevel.MainLevel:PersistentLevel.BP_Player1Cam_C_UAID_7486E22FC63FBB6A02_1478650345
 |   |- Actor Package: /Game/__ExternalActors__/Levels/MainLevel/2/P0/9ELEQZDGN8JO4B0XMS6GP8
 |   |- Actor Path: /Game/Levels/MainLevel.MainLevel:PersistentLevel.BP_PlayerSpawn_C_UAID_7486E22FC63FC76A02_2123972484
 |   |- Actor Package: /Game/__ExternalActors__/Levels/MainLevel/3/24/AU2WEFZFJSRXDAQ3S7XBNE
 |   |- Actor Path: /Game/Levels/MainLevel.MainLevel:PersistentLevel.BP_Player1Cam_C_UAID_7486E22FC63FBB6A02_1074645343
 |   |- Actor Package: /Game/__ExternalActors__/Levels/MainLevel/A/YX/DIDLKPKSEICMHHLPXN079R
 |- [+] Content of Cell MainGrid_L0_X-1_Y0
 |   |- Actor Count: 3
 |   |- MinMaxZ: X=320.000 Y=640.000
 |   |- Actor Path: /Game/Levels/MainLevel.MainLevel:PersistentLevel.BP_PlayerSpawn_C_UAID_7486E22FC63FBC6A02_1474776525
 |   |- Actor Package: /Game/__ExternalActors__/Levels/MainLevel/2/78/H60VF4NHUVLWCBVVLJQW1V
 |   |- Actor Path: /Game/Levels/MainLevel.MainLevel:PersistentLevel.BP_Player1Cam_C_UAID_7486E22FC63FBB6A02_1395429344
 |   |- Actor Package: /Game/__ExternalActors__/Levels/MainLevel/3/T7/I0A8J53DHIPSJAVXJJNMDA
 |   |- Actor Path: /Game/Levels/MainLevel.MainLevel:PersistentLevel.BP_PlayerSpawn_C_UAID_7486E22FC63FC76A02_2075172483
 |   |- Actor Package: /Game/__ExternalActors__/Levels/MainLevel/8/42/DWFR4FGC00RJL7W549OV2C
 |- [+] Content of Cell MainGrid_L0_X0_Y-1
 |   |- Actor Count: 3
 |   |- MinMaxZ: X=0.000 Y=640.000
 |   |- Actor Path: /Game/Levels/MainLevel.MainLevel:PersistentLevel.BP_PlayerSpawn_C_UAID_7486E22FC63FC86A02_1111104661
 |   |- Actor Package: /Game/__ExternalActors__/Levels/MainLevel/8/1J/ZMWGVTMK4AJDULAXNW8WCY
 |   |- Actor Path: /Game/Levels/MainLevel.MainLevel:PersistentLevel.BP_Player1Cam_C_UAID_7486E22FC63FBB6A02_1578009346
 |   |- Actor Package: /Game/__ExternalActors__/Levels/MainLevel/9/WI/600AH0LN3LYQU0QOT0BAHV
 |   |- Actor Path: /Game/Levels/MainLevel.MainLevel:PersistentLevel.BP_PlayerSpawn_C_UAID_7486E22FC63FBC6A02_1604840527
 |   |- Actor Package: /Game/__ExternalActors__/Levels/MainLevel/C/LY/RWPK271N0RD3XFNKV9Z8RE
[+] Content of Grid Level 1

